13:52:26: Creating resource group General
13:52:26: Creating resource group Internal
13:52:26: Creating resource group Autodetect
13:52:26: SceneManagerFactory for type 'DefaultSceneManager' registered.
13:52:26: Registering ResourceManager for type Material
13:52:26: Registering ResourceManager for type Mesh
13:52:26: Registering ResourceManager for type Skeleton
13:52:26: MovableObjectFactory for type 'ParticleSystem' registered.
13:52:26: ArchiveFactory for archive type FileSystem registered.
13:52:26: ArchiveFactory for archive type Zip registered.
13:52:26: ArchiveFactory for archive type EmbeddedZip registered.
13:52:26: DDS codec registering
13:52:26: FreeImage version: 3.15.3
13:52:26: This program uses FreeImage, a free, open source image library supporting all common bitmap formats. See http://freeimage.sourceforge.net for details
13:52:26: Supported formats: bmp,ico,jpg,jif,jpeg,jpe,jng,koa,iff,lbm,mng,pbm,pbm,pcd,pcx,pgm,pgm,png,ppm,ppm,ras,tga,targa,tif,tiff,wap,wbmp,wbm,psd,cut,xbm,xpm,gif,hdr,g3,sgi,exr,j2k,j2c,jp2,pfm,pct,pict,pic
13:52:26: ETC codec registering
13:52:26: Registering ResourceManager for type HighLevelGpuProgram
13:52:26: Registering ResourceManager for type Compositor
13:52:26: MovableObjectFactory for type 'Entity' registered.
13:52:26: MovableObjectFactory for type 'Light' registered.
13:52:26: MovableObjectFactory for type 'BillboardSet' registered.
13:52:26: MovableObjectFactory for type 'ManualObject' registered.
13:52:26: MovableObjectFactory for type 'BillboardChain' registered.
13:52:26: MovableObjectFactory for type 'RibbonTrail' registered.
13:52:26: Loading library .\RenderSystem_GL
13:52:26: Installing plugin: GL RenderSystem
13:52:26: OpenGL Rendering Subsystem created.
13:52:26: Plugin successfully installed
13:52:26: Loading library .\ParticleUniverse
13:52:26: Installing plugin: ParticleUniverse
13:52:26: MovableObjectFactory for type 'PUParticleSystem' registered.
13:52:26: MovableObjectFactory for type 'BoxSet' registered.
13:52:26: MovableObjectFactory for type 'SphereSet' registered.
13:52:26: ParticleUniverse: Particle Renderer Type 'Beam' registered
13:52:26: ParticleUniverse: Particle Renderer Type 'Billboard' registered
13:52:26: ParticleUniverse: Particle Renderer Type 'Box' registered
13:52:26: ParticleUniverse: Particle Renderer Type 'Sphere' registered
13:52:26: ParticleUniverse: Particle Renderer Type 'Entity' registered
13:52:26: ParticleUniverse: Particle Renderer Type 'RibbonTrail' registered
13:52:26: ParticleUniverse: Particle Renderer Type 'Light' registered
13:52:26: ParticleUniverse: Particle Emitter Type 'Point' registered
13:52:26: ParticleUniverse: Particle Emitter Type 'Line' registered
13:52:26: ParticleUniverse: Particle Emitter Type 'Box' registered
13:52:26: ParticleUniverse: Particle Emitter Type 'Circle' registered
13:52:26: ParticleUniverse: Particle Emitter Type 'SphereSurface' registered
13:52:26: ParticleUniverse: Particle Emitter Type 'Vertex' registered
13:52:26: ParticleUniverse: Particle Emitter Type 'MeshSurface' registered
13:52:26: ParticleUniverse: Particle Emitter Type 'Position' registered
13:52:26: ParticleUniverse: Particle Emitter Type 'Slave' registered
13:52:26: ParticleUniverse: Particle Affector Type 'Dummy01' registered
13:52:26: ParticleUniverse: Particle Affector Type 'LinearForce' registered
13:52:26: ParticleUniverse: Particle Affector Type 'Gravity' registered
13:52:26: ParticleUniverse: Particle Affector Type 'ParticleFollower' registered
13:52:26: ParticleUniverse: Particle Affector Type 'Vortex' registered
13:52:26: ParticleUniverse: Particle Affector Type 'Randomiser' registered
13:52:26: ParticleUniverse: Particle Affector Type 'Line' registered
13:52:26: ParticleUniverse: Particle Affector Type 'Scale' registered
13:52:26: ParticleUniverse: Particle Affector Type 'ScaleVelocity' registered
13:52:26: ParticleUniverse: Particle Affector Type 'GeometryRotator' registered
13:52:26: ParticleUniverse: Particle Affector Type 'TextureRotator' registered
13:52:26: ParticleUniverse: Particle Affector Type 'TextureAnimator' registered
13:52:26: ParticleUniverse: Particle Affector Type 'Jet' registered
13:52:26: ParticleUniverse: Particle Affector Type 'Align' registered
13:52:26: ParticleUniverse: Particle Affector Type 'FlockCentering' registered
13:52:26: ParticleUniverse: Particle Affector Type 'CollisionAvoidance' registered
13:52:26: ParticleUniverse: Particle Affector Type 'VelocityMatching' registered
13:52:26: ParticleUniverse: Particle Affector Type 'Colour' registered
13:52:26: ParticleUniverse: Particle Affector Type 'SineForce' registered
13:52:26: ParticleUniverse: Particle Affector Type 'Dummy02' registered
13:52:26: ParticleUniverse: Particle Affector Type 'SphereCollider' registered
13:52:26: ParticleUniverse: Particle Affector Type 'PlaneCollider' registered
13:52:26: ParticleUniverse: Particle Affector Type 'BoxCollider' registered
13:52:26: ParticleUniverse: Particle Affector Type 'InterParticleCollider' registered
13:52:26: ParticleUniverse: Particle Affector Type 'PathFollower' registered
13:52:26: ParticleUniverse: Particle Affector Type 'ForceField' registered
13:52:26: ParticleUniverse: Particle Observer Type 'OnExpire' registered
13:52:26: ParticleUniverse: Particle Observer Type 'OnEmission' registered
13:52:26: ParticleUniverse: Particle Observer Type 'OnCount' registered
13:52:26: ParticleUniverse: Particle Observer Type 'OnEventFlag' registered
13:52:26: ParticleUniverse: Particle Observer Type 'OnCollision' registered
13:52:26: ParticleUniverse: Particle Observer Type 'OnVelocity' registered
13:52:26: ParticleUniverse: Particle Observer Type 'OnTime' registered
13:52:26: ParticleUniverse: Particle Observer Type 'OnPosition' registered
13:52:26: ParticleUniverse: Particle Observer Type 'OnClear' registered
13:52:26: ParticleUniverse: Particle Observer Type 'OnQuota' registered
13:52:26: ParticleUniverse: Particle Observer Type 'OnRandom' registered
13:52:26: ParticleUniverse: Particle EventHandler Type 'DoExpire' registered
13:52:26: ParticleUniverse: Particle EventHandler Type 'DoFreeze' registered
13:52:26: ParticleUniverse: Particle EventHandler Type 'DoPlacementParticle' registered
13:52:26: ParticleUniverse: Particle EventHandler Type 'DoStopSystem' registered
13:52:26: ParticleUniverse: Particle EventHandler Type 'DoEnableComponent' registered
13:52:26: ParticleUniverse: Particle EventHandler Type 'DoAffector' registered
13:52:26: ParticleUniverse: Particle EventHandler Type 'DoScale' registered
13:52:26: ParticleUniverse: Particle Extern Type 'Gravity' registered
13:52:26: ParticleUniverse: Particle Extern Type 'SphereCollider' registered
13:52:26: ParticleUniverse: Particle Extern Type 'BoxCollider' registered
13:52:26: ParticleUniverse: Particle Extern Type 'Vortex' registered
13:52:26: ParticleUniverse: Particle Extern Type 'SceneDecorator' registered
13:52:26: ParticleUniverse: Particle Behaviour Type 'Slave' registered
13:52:26: Plugin successfully installed
13:52:26: *-*-* OGRE Initialising
13:52:26: *-*-* Version 1.9.0 (Ghadamon)
13:52:26: Added resource location 'F:\works\NLEPreview\Bin\Win32\Debug\Effect\Shader' of type 'FileSystem' to resource group 'General'
13:52:26: Added resource location 'F:\works\NLEPreview\Bin\Win32\Debug\Effect\Shader/texture' of type 'FileSystem' to resource group 'General'
13:52:26: Added resource location 'F:\works\NLEPreview\Bin\Win32\Debug\Effect\Shader/Lookup' of type 'FileSystem' to resource group 'General'
13:52:26: Added resource location 'F:\works\NLEPreview\Bin\Win32\Debug\Effect\Transitions' of type 'FileSystem' to resource group 'General'
13:52:26: Added resource location 'F:\works\NLEPreview\Bin\Win32\Debug\Effect\Transitions/texture' of type 'FileSystem' to resource group 'General'
13:52:26: Added resource location 'F:\works\NLEPreview\Bin\Win32\Debug\Effect\textures/Merge' of type 'FileSystem' to resource group 'General'
13:52:26: CPU Identifier & Features
13:52:26: -------------------------
13:52:26:  *   CPU ID: GenuineIntel: Intel(R) Core(TM) i5-4590 CPU @ 3.30GHz
13:52:26:  *      SSE: yes
13:52:26:  *     SSE2: yes
13:52:26:  *     SSE3: yes
13:52:26:  *      MMX: yes
13:52:26:  *   MMXEXT: yes
13:52:26:  *    3DNOW: no
13:52:26:  * 3DNOWEXT: no
13:52:26:  *     CMOV: yes
13:52:26:  *      TSC: yes
13:52:26:  *      FPU: yes
13:52:26:  *      PRO: yes
13:52:26:  *       HT: no
13:52:26: -------------------------
13:52:26: *** Starting Win32GL Subsystem ***
13:52:26: Registering ResourceManager for type Texture
13:52:26: GLRenderSystem::_createRenderWindow "NLE Ogre Render Window", 1440x900 windowed  miscParams: FSAA=0 FSAAHint= colourDepth=32 displayFrequency=0 gamma=false hidden=true vsync=false vsyncInterval=1 
13:52:26: Created Win32Window 'NLE Ogre Render Window' : 1440x860, 32bpp
13:52:26: GL_VERSION = 4.0.0 - Build 9.18.10.3071
13:52:26: GL_VENDOR = Intel
13:52:26: GL_RENDERER = Intel(R) HD Graphics 4600
13:52:26: GL_EXTENSIONS = GL_EXT_blend_minmax GL_EXT_blend_subtract GL_EXT_blend_color GL_EXT_abgr GL_EXT_texture3D GL_EXT_clip_volume_hint GL_EXT_compiled_vertex_array GL_SGIS_texture_edge_clamp GL_SGIS_generate_mipmap GL_EXT_draw_range_elements GL_SGIS_texture_lod GL_EXT_rescale_normal GL_EXT_packed_pixels GL_EXT_texture_edge_clamp GL_EXT_separate_specular_color GL_ARB_multitexture GL_ARB_map_buffer_alignment GL_ARB_conservative_depth GL_EXT_texture_env_combine GL_EXT_bgra GL_EXT_blend_func_separate GL_EXT_secondary_color GL_EXT_fog_coord GL_EXT_texture_env_add GL_ARB_texture_cube_map GL_ARB_transpose_matrix GL_ARB_internalformat_query GL_ARB_texture_env_add GL_IBM_texture_mirrored_repeat GL_EXT_multi_draw_arrays GL_SUN_multi_draw_arrays GL_NV_blend_square GL_ARB_texture_compression GL_3DFX_texture_compression_FXT1 GL_EXT_texture_filter_anisotropic GL_ARB_texture_border_clamp GL_ARB_point_parameters GL_ARB_texture_env_combine GL_ARB_texture_env_dot3 GL_ARB_texture_env_crossbar GL_EXT_texture_compression_s3tc GL_ARB_shadow GL_ARB_window_pos GL_EXT_shadow_funcs GL_EXT_stencil_wrap GL_ARB_vertex_program GL_EXT_texture_rectangle GL_ARB_fragment_program GL_EXT_stencil_two_side GL_ATI_separate_stencil GL_ARB_vertex_buffer_object GL_EXT_texture_lod_bias GL_ARB_occlusion_query GL_ARB_fragment_shader GL_ARB_shader_objects GL_ARB_shading_language_100 GL_ARB_texture_non_power_of_two GL_ARB_vertex_shader GL_NV_texgen_reflection GL_ARB_point_sprite GL_ARB_fragment_program_shadow GL_EXT_blend_equation_separate GL_ARB_depth_texture GL_ARB_texture_rectangle GL_ARB_draw_buffers GL_ARB_color_buffer_float GL_ARB_half_float_pixel GL_ARB_texture_float GL_ARB_pixel_buffer_object GL_EXT_framebuffer_object GL_ARB_draw_instanced GL_ARB_half_float_vertex GL_ARB_occlusion_query2 GL_EXT_draw_buffers2 GL_WIN_swap_hint GL_EXT_texture_sRGB GL_ARB_multisample GL_EXT_packed_float GL_EXT_texture_shared_exponent GL_ARB_texture_rg GL_ARB_texture_compression_rgtc GL_NV_conditional_render GL_EXT_texture_swizzle GL_ARB_texture_gather GL_ARB_sync GL_ARB_framebuffer_sRGB GL_EXT_packed_depth_stencil GL_ARB_depth_buffer_float GL_EXT_transform_feedback GL_ARB_transform_feedback2 GL_ARB_draw_indirect GL_EXT_framebuffer_blit GL_EXT_framebuffer_multisample GL_ARB_framebuffer_object GL_EXT_texture_array GL_EXT_texture_integer GL_ARB_map_buffer_range GL_EXT_texture_snorm GL_ARB_blend_func_extended GL_INTEL_performance_queries GL_ARB_copy_buffer GL_ARB_sampler_objects GL_NV_primitive_restart GL_ARB_seamless_cube_map GL_ARB_uniform_buffer_object GL_ARB_depth_clamp GL_ARB_vertex_array_bgra GL_ARB_shader_bit_encoding GL_ARB_draw_buffers_blend GL_ARB_geometry_shader4 GL_EXT_geometry_shader4 GL_ARB_texture_query_lod GL_ARB_explicit_attrib_location GL_ARB_draw_elements_base_vertex GL_ARB_instanced_arrays GL_ARB_base_instance GL_ARB_fragment_coord_conventions GL_EXT_gpu_program_parameters GL_ARB_texture_buffer_object_rgb32 GL_ARB_compatibility GL_ARB_texture_rgb10_a2ui GL_ARB_texture_multisample GL_ARB_vertex_type_2_10_10_10_rev GL_ARB_timer_query GL_ARB_tessellation_shader GL_ARB_vertex_array_object GL_ARB_provoking_vertex GL_ARB_sample_shading GL_ARB_texture_cube_map_array GL_ARB_gpu_shader5 GL_ARB_gpu_shader_fp64 GL_ARB_shader_subroutine GL_ARB_transform_feedback3 GL_ARB_transform_feedback_instanced GL_EXT_texture_storage GL_ARB_texture_storage GL_INTEL_map_texture GL_ARB_ES2_compatibility 
13:52:26: Supported WGL extensions: WGL_EXT_depth_float WGL_ARB_buffer_region WGL_ARB_extensions_string WGL_ARB_make_current_read WGL_ARB_pixel_format WGL_ARB_pbuffer WGL_EXT_extensions_string WGL_EXT_swap_control WGL_EXT_swap_control_tear WGL_ARB_multisample WGL_ARB_pixel_format_float WGL_ARB_framebuffer_sRGB WGL_ARB_create_context WGL_ARB_create_context_profile WGL_EXT_pixel_format_packed_float WGL_EXT_create_context_es2_profile 
13:52:26: ***************************
13:52:26: *** GL Renderer Started ***
13:52:26: ***************************
13:52:26: Registering ResourceManager for type GpuProgram
13:52:26: GLSL support detected
13:52:26: GL: Using GL_EXT_framebuffer_object for rendering to textures (best)
13:52:26: FBO PF_UNKNOWN depth/stencil support: D0S1 D0S4 D0S8 D0S16 D16S0 D24S0 D32S0 Packed-D24S8 
13:52:26: FBO PF_A8 depth/stencil support: D0S0 D0S1 D0S4 D0S8 D0S16 D16S0 D24S0 D32S0 Packed-D24S8 
13:52:26: FBO PF_R5G6B5 depth/stencil support: D0S0 D0S1 D0S4 D0S8 D0S16 D16S0 D24S0 D32S0 Packed-D24S8 
13:52:26: FBO PF_B5G6R5 depth/stencil support: D0S0 D0S1 D0S4 D0S8 D0S16 D16S0 D24S0 D32S0 Packed-D24S8 
13:52:26: FBO PF_R8G8B8 depth/stencil support: D0S0 D0S1 D0S4 D0S8 D0S16 D16S0 D24S0 D32S0 Packed-D24S8 
13:52:26: FBO PF_B8G8R8 depth/stencil support: D0S0 D0S1 D0S4 D0S8 D0S16 D16S0 D24S0 D32S0 Packed-D24S8 
13:52:26: FBO PF_A8R8G8B8 depth/stencil support: D0S0 D0S1 D0S4 D0S8 D0S16 D16S0 D24S0 D32S0 Packed-D24S8 
13:52:26: FBO PF_B8G8R8A8 depth/stencil support: D0S0 D0S1 D0S4 D0S8 D0S16 D16S0 D24S0 D32S0 Packed-D24S8 
13:52:26: FBO PF_A2R10G10B10 depth/stencil support: D0S0 D0S1 D0S4 D0S8 D0S16 D16S0 D24S0 D32S0 Packed-D24S8 
13:52:26: FBO PF_A2B10G10R10 depth/stencil support: D0S0 D0S1 D0S4 D0S8 D0S16 D16S0 D24S0 D32S0 Packed-D24S8 
13:52:26: FBO PF_FLOAT16_RGB depth/stencil support: D0S0 D0S1 D0S4 D0S8 D0S16 D16S0 D24S0 D32S0 Packed-D24S8 
13:52:26: FBO PF_FLOAT16_RGBA depth/stencil support: D0S0 D0S1 D0S4 D0S8 D0S16 D16S0 D24S0 D32S0 Packed-D24S8 
13:52:26: FBO PF_FLOAT32_RGB depth/stencil support: D0S0 D0S1 D0S4 D0S8 D0S16 D16S0 D24S0 D32S0 Packed-D24S8 
13:52:26: FBO PF_FLOAT32_RGBA depth/stencil support: D0S0 D0S1 D0S4 D0S8 D0S16 D16S0 D24S0 D32S0 Packed-D24S8 
13:52:26: FBO PF_X8R8G8B8 depth/stencil support: D0S0 D0S1 D0S4 D0S8 D0S16 D16S0 D24S0 D32S0 Packed-D24S8 
13:52:26: FBO PF_X8B8G8R8 depth/stencil support: D0S0 D0S1 D0S4 D0S8 D0S16 D16S0 D24S0 D32S0 Packed-D24S8 
13:52:26: FBO PF_SHORT_RGBA depth/stencil support: D0S0 D0S1 D0S4 D0S8 D0S16 D16S0 D24S0 D32S0 Packed-D24S8 
13:52:26: FBO PF_R3G3B2 depth/stencil support: D0S0 D0S1 D0S4 D0S8 D0S16 D16S0 D24S0 D32S0 Packed-D24S8 
13:52:26: FBO PF_SHORT_RGB depth/stencil support: D0S0 D0S1 D0S4 D0S8 D0S16 D16S0 D24S0 D32S0 Packed-D24S8 
13:52:26: [GL] : Valid FBO targets PF_UNKNOWN PF_A8 PF_R5G6B5 PF_B5G6R5 PF_R8G8B8 PF_B8G8R8 PF_A8R8G8B8 PF_B8G8R8A8 PF_A2R10G10B10 PF_A2B10G10R10 PF_FLOAT16_RGB PF_FLOAT16_RGBA PF_FLOAT32_RGB PF_FLOAT32_RGBA PF_X8R8G8B8 PF_X8B8G8R8 PF_SHORT_RGBA PF_R3G3B2 PF_SHORT_RGB 
13:52:26: RenderSystem capabilities
13:52:26: -------------------------
13:52:26: RenderSystem Name: OpenGL Rendering Subsystem
13:52:26: GPU Vendor: intel
13:52:26: Device Name: Intel(R) HD Graphics 4600
13:52:26: Driver Version: 4.0.0.0
13:52:26:  * Fixed function pipeline: yes
13:52:26:  * Hardware generation of mipmaps: no
13:52:26:  * Texture blending: yes
13:52:26:  * Anisotropic texture filtering: yes
13:52:26:  * Dot product texture operation: yes
13:52:26:  * Cube mapping: yes
13:52:26:  * Hardware stencil buffer: yes
13:52:26:    - Stencil depth: 8
13:52:26:    - Two sided stencil support: yes
13:52:26:    - Wrap stencil values: yes
13:52:26:  * Hardware vertex / index buffers: yes
13:52:26:  * 32-bit index buffers: yes
13:52:26:  * Vertex programs: yes
13:52:26:  * Number of floating-point constants for vertex programs: 256
13:52:26:  * Number of integer constants for vertex programs: 0
13:52:26:  * Number of boolean constants for vertex programs: 0
13:52:26:  * Fragment programs: yes
13:52:26:  * Number of floating-point constants for fragment programs: 256
13:52:26:  * Number of integer constants for fragment programs: 0
13:52:26:  * Number of boolean constants for fragment programs: 0
13:52:26:  * Geometry programs: yes
13:52:26:  * Number of floating-point constants for geometry programs: 4096
13:52:26:  * Number of integer constants for geometry programs: 0
13:52:26:  * Number of boolean constants for geometry programs: 0
13:52:26:  * Tesselation Hull programs: no
13:52:26:  * Number of floating-point constants for tesselation hull programs: 0
13:52:26:  * Number of integer constants for tesselation hull programs: 0
13:52:26:  * Number of boolean constants for tesselation hull programs: 0
13:52:26:  * Tesselation Domain programs: no
13:52:26:  * Number of floating-point constants for tesselation domain programs: 0
13:52:26:  * Number of integer constants for tesselation domain programs: 0
13:52:26:  * Number of boolean constants for tesselation domain programs: 0
13:52:26:  * Compute programs: no
13:52:26:  * Number of floating-point constants for compute programs: 0
13:52:26:  * Number of integer constants for compute programs: 0
13:52:26:  * Number of boolean constants for compute programs: 0
13:52:26:  * Supported Shader Profiles: arbfp1 arbvp1 glsl glsl100 glsl110 glsl120 gp4gp gpu_gp nvgp4
13:52:26:  * Texture Compression: yes
13:52:26:    - DXT: yes
13:52:26:    - VTC: no
13:52:26:    - PVRTC: no
13:52:26:    - ATC: no
13:52:26:    - ETC1: no
13:52:26:    - ETC2: no
13:52:26:    - BC4/BC5: no
13:52:26:    - BC6H/BC7: no
13:52:26:  * Scissor Rectangle: yes
13:52:26:  * Hardware Occlusion Query: yes
13:52:26:  * User clip planes: yes
13:52:26:  * VET_UBYTE4 vertex element type: yes
13:52:26:  * Infinite far plane projection: yes
13:52:26:  * Hardware render-to-texture: yes
13:52:26:  * Floating point textures: yes
13:52:26:  * Non-power-of-two textures: yes
13:52:26:  * 1d textures: yes
13:52:26:  * Volume textures: yes
13:52:26:  * Multiple Render Targets: 8
13:52:26:    - With different bit depths: yes
13:52:26:  * Point Sprites: yes
13:52:26:  * Extended point parameters: yes
13:52:26:  * Max Point Size: 255
13:52:26:  * Vertex texture fetch: yes
13:52:26:  * Number of world matrices: 0
13:52:26:  * Number of texture units: 16
13:52:26:  * Stencil buffer depth: 8
13:52:26:  * Number of vertex blend matrices: 0
13:52:26:    - Max vertex textures: 16
13:52:26:    - Vertex textures shared: yes
13:52:26:  * Render to Vertex Buffer : no
13:52:26:  * Hardware Atomic Counters: no
13:52:26:  * GL 1.5 without VBO workaround: no
13:52:26:  * Frame Buffer objects: yes
13:52:26:  * Frame Buffer objects (ARB extension): no
13:52:26:  * Frame Buffer objects (ATI extension): no
13:52:26:  * PBuffer support: yes
13:52:26:  * GL 1.5 without HW-occlusion workaround: no
13:52:26:  * Vertex Array Objects: no
13:52:26:  * Separate shader objects: no
13:52:26: DefaultWorkQueue('Root') initialising on thread main.
13:52:26: Particle Renderer Type 'billboard' registered
13:52:26: Parsing scripts for resource group Autodetect
13:52:26: --------------- ScriptLoader pattern suffix begin --------------------
13:52:26: ScriptLoader pattern is: *.program
13:52:26: ScriptLoader pattern is: *.material
13:52:26: ScriptLoader pattern is: *.particle
13:52:26: ScriptLoader pattern is: *.compositor
13:52:26: ScriptLoader pattern is: *.os
13:52:26: ScriptLoader pattern is: *.pua
13:52:26: ScriptLoader pattern is: *.pu
13:52:26: ------------------ ScriptLoader pattern suffix end -------------------
13:52:26: Finished parsing scripts for resource group Autodetect
13:52:26: Creating resources for group Autodetect
13:52:26: All done
13:52:26: Parsing scripts for resource group General
13:52:26: Finished parsing scripts for resource group General
13:52:26: Creating resources for group General
13:52:26: All done
13:52:26: Parsing scripts for resource group Internal
13:52:26: Finished parsing scripts for resource group Internal
13:52:26: Creating resources for group Internal
13:52:26: All done
