10:03:55: Creating resource group General
10:03:55: Creating resource group Internal
10:03:55: Creating resource group Autodetect
10:03:55: SceneManagerFactory for type 'DefaultSceneManager' registered.
10:03:55: Registering ResourceManager for type Material
10:03:55: Registering ResourceManager for type Mesh
10:03:55: Registering ResourceManager for type Skeleton
10:03:55: MovableObjectFactory for type 'ParticleSystem' registered.
10:03:55: ArchiveFactory for archive type FileSystem registered.
10:03:55: ArchiveFactory for archive type Zip registered.
10:03:55: ArchiveFactory for archive type EmbeddedZip registered.
10:03:55: DDS codec registering
10:03:55: FreeImage version: 3.15.3
10:03:55: This program uses FreeImage, a free, open source image library supporting all common bitmap formats. See http://freeimage.sourceforge.net for details
10:03:55: Supported formats: bmp,ico,jpg,jif,jpeg,jpe,jng,koa,iff,lbm,mng,pbm,pbm,pcd,pcx,pgm,pgm,png,ppm,ppm,ras,tga,targa,tif,tiff,wap,wbmp,wbm,psd,cut,xbm,xpm,gif,hdr,g3,sgi,exr,j2k,j2c,jp2,pfm,pct,pict,pic
10:03:55: ETC codec registering
10:03:55: Registering ResourceManager for type HighLevelGpuProgram
10:03:55: Registering ResourceManager for type Compositor
10:03:55: MovableObjectFactory for type 'Entity' registered.
10:03:55: MovableObjectFactory for type 'Light' registered.
10:03:55: MovableObjectFactory for type 'BillboardSet' registered.
10:03:55: MovableObjectFactory for type 'ManualObject' registered.
10:03:55: MovableObjectFactory for type 'BillboardChain' registered.
10:03:55: MovableObjectFactory for type 'RibbonTrail' registered.
10:03:55: Loading library .\RenderSystem_GL
10:03:55: Installing plugin: GL RenderSystem
10:03:55: OpenGL Rendering Subsystem created.
10:03:55: Plugin successfully installed
10:03:55: Loading library .\ParticleUniverse
10:03:55: Installing plugin: ParticleUniverse
10:03:55: MovableObjectFactory for type 'PUParticleSystem' registered.
10:03:55: MovableObjectFactory for type 'BoxSet' registered.
10:03:55: MovableObjectFactory for type 'SphereSet' registered.
10:03:55: ParticleUniverse: Particle Renderer Type 'Beam' registered
10:03:55: ParticleUniverse: Particle Renderer Type 'Billboard' registered
10:03:55: ParticleUniverse: Particle Renderer Type 'Box' registered
10:03:55: ParticleUniverse: Particle Renderer Type 'Sphere' registered
10:03:55: ParticleUniverse: Particle Renderer Type 'Entity' registered
10:03:55: ParticleUniverse: Particle Renderer Type 'RibbonTrail' registered
10:03:55: ParticleUniverse: Particle Renderer Type 'Light' registered
10:03:55: ParticleUniverse: Particle Emitter Type 'Point' registered
10:03:55: ParticleUniverse: Particle Emitter Type 'Line' registered
10:03:55: ParticleUniverse: Particle Emitter Type 'Box' registered
10:03:55: ParticleUniverse: Particle Emitter Type 'Circle' registered
10:03:55: ParticleUniverse: Particle Emitter Type 'SphereSurface' registered
10:03:55: ParticleUniverse: Particle Emitter Type 'Vertex' registered
10:03:55: ParticleUniverse: Particle Emitter Type 'MeshSurface' registered
10:03:55: ParticleUniverse: Particle Emitter Type 'Position' registered
10:03:55: ParticleUniverse: Particle Emitter Type 'Slave' registered
10:03:55: ParticleUniverse: Particle Affector Type 'Dummy01' registered
10:03:55: ParticleUniverse: Particle Affector Type 'LinearForce' registered
10:03:55: ParticleUniverse: Particle Affector Type 'Gravity' registered
10:03:55: ParticleUniverse: Particle Affector Type 'ParticleFollower' registered
10:03:55: ParticleUniverse: Particle Affector Type 'Vortex' registered
10:03:55: ParticleUniverse: Particle Affector Type 'Randomiser' registered
10:03:55: ParticleUniverse: Particle Affector Type 'Line' registered
10:03:55: ParticleUniverse: Particle Affector Type 'Scale' registered
10:03:55: ParticleUniverse: Particle Affector Type 'ScaleVelocity' registered
10:03:55: ParticleUniverse: Particle Affector Type 'GeometryRotator' registered
10:03:55: ParticleUniverse: Particle Affector Type 'TextureRotator' registered
10:03:55: ParticleUniverse: Particle Affector Type 'TextureAnimator' registered
10:03:55: ParticleUniverse: Particle Affector Type 'Jet' registered
10:03:55: ParticleUniverse: Particle Affector Type 'Align' registered
10:03:55: ParticleUniverse: Particle Affector Type 'FlockCentering' registered
10:03:55: ParticleUniverse: Particle Affector Type 'CollisionAvoidance' registered
10:03:55: ParticleUniverse: Particle Affector Type 'VelocityMatching' registered
10:03:55: ParticleUniverse: Particle Affector Type 'Colour' registered
10:03:55: ParticleUniverse: Particle Affector Type 'SineForce' registered
10:03:55: ParticleUniverse: Particle Affector Type 'Dummy02' registered
10:03:55: ParticleUniverse: Particle Affector Type 'SphereCollider' registered
10:03:55: ParticleUniverse: Particle Affector Type 'PlaneCollider' registered
10:03:55: ParticleUniverse: Particle Affector Type 'BoxCollider' registered
10:03:55: ParticleUniverse: Particle Affector Type 'InterParticleCollider' registered
10:03:55: ParticleUniverse: Particle Affector Type 'PathFollower' registered
10:03:55: ParticleUniverse: Particle Affector Type 'ForceField' registered
10:03:55: ParticleUniverse: Particle Observer Type 'OnExpire' registered
10:03:55: ParticleUniverse: Particle Observer Type 'OnEmission' registered
10:03:55: ParticleUniverse: Particle Observer Type 'OnCount' registered
10:03:55: ParticleUniverse: Particle Observer Type 'OnEventFlag' registered
10:03:55: ParticleUniverse: Particle Observer Type 'OnCollision' registered
10:03:55: ParticleUniverse: Particle Observer Type 'OnVelocity' registered
10:03:55: ParticleUniverse: Particle Observer Type 'OnTime' registered
10:03:55: ParticleUniverse: Particle Observer Type 'OnPosition' registered
10:03:55: ParticleUniverse: Particle Observer Type 'OnClear' registered
10:03:55: ParticleUniverse: Particle Observer Type 'OnQuota' registered
10:03:55: ParticleUniverse: Particle Observer Type 'OnRandom' registered
10:03:55: ParticleUniverse: Particle EventHandler Type 'DoExpire' registered
10:03:55: ParticleUniverse: Particle EventHandler Type 'DoFreeze' registered
10:03:55: ParticleUniverse: Particle EventHandler Type 'DoPlacementParticle' registered
10:03:55: ParticleUniverse: Particle EventHandler Type 'DoStopSystem' registered
10:03:55: ParticleUniverse: Particle EventHandler Type 'DoEnableComponent' registered
10:03:55: ParticleUniverse: Particle EventHandler Type 'DoAffector' registered
10:03:55: ParticleUniverse: Particle EventHandler Type 'DoScale' registered
10:03:55: ParticleUniverse: Particle Extern Type 'Gravity' registered
10:03:55: ParticleUniverse: Particle Extern Type 'SphereCollider' registered
10:03:55: ParticleUniverse: Particle Extern Type 'BoxCollider' registered
10:03:55: ParticleUniverse: Particle Extern Type 'Vortex' registered
10:03:55: ParticleUniverse: Particle Extern Type 'SceneDecorator' registered
10:03:55: ParticleUniverse: Particle Behaviour Type 'Slave' registered
10:03:55: Plugin successfully installed
10:03:55: *-*-* OGRE Initialising
10:03:55: *-*-* Version 1.9.0 (Ghadamon)
10:03:55: OGRE EXCEPTION(6:FileNotFoundException): 'ogre.cfg' file not found! in ConfigFile::load at D:\Codes\Ogre\Ogre1.9\OgreMain\src\OgreConfigFile.cpp (line 82)
10:03:55: Added resource location 'C:\Users\Administrator\Desktop\NLEPreview\NLEPreview\NLEPreview\bin\x64\Debug\Effect\Shader' of type 'FileSystem' to resource group 'General'
10:03:55: Added resource location 'C:\Users\Administrator\Desktop\NLEPreview\NLEPreview\NLEPreview\bin\x64\Debug\Effect\Shader/texture' of type 'FileSystem' to resource group 'General'
10:03:55: Added resource location 'C:\Users\Administrator\Desktop\NLEPreview\NLEPreview\NLEPreview\bin\x64\Debug\Effect\Shader/Lookup' of type 'FileSystem' to resource group 'General'
10:03:55: Added resource location 'C:\Users\Administrator\Desktop\NLEPreview\NLEPreview\NLEPreview\bin\x64\Debug\Effect\Transitions' of type 'FileSystem' to resource group 'General'
10:03:55: Added resource location 'C:\Users\Administrator\Desktop\NLEPreview\NLEPreview\NLEPreview\bin\x64\Debug\Effect\Transitions/texture' of type 'FileSystem' to resource group 'General'
10:03:55: Added resource location 'C:\Users\Administrator\Desktop\NLEPreview\NLEPreview\NLEPreview\bin\x64\Debug\Effect\textures/Merge' of type 'FileSystem' to resource group 'General'
10:03:55: CPU Identifier & Features
10:03:55: -------------------------
10:03:55:  *   CPU ID: GenuineIntel: Intel(R) Core(TM) i7-6700 CPU @ 3.40GHz
10:03:55:  *      SSE: yes
10:03:55:  *     SSE2: yes
10:03:55:  *     SSE3: yes
10:03:55:  *      MMX: yes
10:03:55:  *   MMXEXT: yes
10:03:55:  *    3DNOW: no
10:03:55:  * 3DNOWEXT: no
10:03:55:  *     CMOV: yes
10:03:55:  *      TSC: yes
10:03:55:  *      FPU: yes
10:03:55:  *      PRO: yes
10:03:55:  *       HT: no
10:03:55: -------------------------
10:03:55: *** Starting Win32GL Subsystem ***
10:03:55: Registering ResourceManager for type Texture
10:03:55: GLRenderSystem::_createRenderWindow "NLE Ogre Render Window", 1920x1080 windowed  miscParams: FSAA=0 FSAAHint= colourDepth=32 displayFrequency=0 gamma=false hidden=true vsync=false vsyncInterval=1 
10:03:55: Created Win32Window 'NLE Ogre Render Window' : 1920x1040, 32bpp
10:03:55: GL_VERSION = 4.4.0 - Build 21.20.16.4542
10:03:55: GL_VERSION = 4.4.0 - Build 21.20.16.4542
10:03:55: GL_VENDOR = Intel
10:03:55: GL_RENDERER = Intel(R) HD Graphics 530
10:03:55: GL_EXTENSIONS = GL_3DFX_texture_compression_FXT1 GL_AMD_depth_clamp_separate GL_AMD_vertex_shader_layer GL_AMD_vertex_shader_viewport_index GL_ARB_ES2_compatibility GL_ARB_ES3_compatibility GL_ARB_arrays_of_arrays GL_ARB_base_instance GL_ARB_blend_func_extended GL_ARB_buffer_storage GL_ARB_cl_event GL_ARB_clear_buffer_object GL_ARB_clear_texture GL_ARB_clip_control GL_ARB_color_buffer_float GL_ARB_compatibility GL_ARB_compressed_texture_pixel_storage GL_ARB_compute_shader GL_ARB_conservative_depth GL_ARB_copy_buffer GL_ARB_copy_image GL_ARB_debug_output GL_ARB_depth_buffer_float GL_ARB_depth_clamp GL_ARB_depth_texture GL_ARB_derivative_control GL_ARB_draw_buffers GL_ARB_draw_buffers_blend GL_ARB_draw_elements_base_vertex GL_ARB_draw_indirect GL_ARB_draw_instanced GL_ARB_enhanced_layouts GL_ARB_explicit_attrib_location GL_ARB_explicit_uniform_location GL_ARB_fragment_coord_conventions GL_ARB_fragment_layer_viewport GL_ARB_fragment_program GL_ARB_fragment_program_shadow GL_ARB_fragment_shader GL_ARB_fragment_shader_interlock GL_ARB_framebuffer_no_attachments GL_ARB_framebuffer_object GL_ARB_framebuffer_sRGB GL_ARB_geometry_shader4 GL_ARB_get_program_binary GL_ARB_gpu_shader5 GL_ARB_gpu_shader_fp64 GL_ARB_half_float_pixel GL_ARB_half_float_vertex GL_ARB_indirect_parameters GL_ARB_instanced_arrays GL_ARB_internalformat_query GL_ARB_internalformat_query2 GL_ARB_invalidate_subdata GL_ARB_map_buffer_alignment GL_ARB_map_buffer_range GL_ARB_multi_bind GL_ARB_multi_draw_indirect GL_ARB_multisample GL_ARB_multitexture GL_ARB_occlusion_query GL_ARB_occlusion_query2 GL_ARB_pixel_buffer_object GL_ARB_point_parameters GL_ARB_point_sprite GL_ARB_post_depth_coverage GL_ARB_program_interface_query GL_ARB_provoking_vertex GL_ARB_query_buffer_object GL_ARB_robust_buffer_access_behavior GL_ARB_robustness GL_ARB_sample_shading GL_ARB_sampler_objects GL_ARB_seamless_cube_map GL_ARB_seamless_cubemap_per_texture GL_ARB_separate_shader_objects GL_ARB_shader_atomic_counters GL_ARB_shader_bit_encoding GL_ARB_shader_image_load_store GL_ARB_shader_image_size GL_ARB_shader_objects GL_ARB_shader_precision GL_ARB_shader_stencil_export GL_ARB_shader_storage_buffer_object GL_ARB_shader_subroutine GL_ARB_shading_language_100 GL_ARB_shading_language_420pack GL_ARB_shading_language_packing GL_ARB_shadow GL_ARB_stencil_texturing GL_ARB_sync GL_ARB_tessellation_shader GL_ARB_texture_barrier GL_ARB_texture_border_clamp GL_ARB_texture_buffer_object_rgb32 GL_ARB_texture_buffer_range GL_ARB_texture_compression GL_ARB_texture_compression_bptc GL_ARB_texture_compression_rgtc GL_ARB_texture_cube_map GL_ARB_texture_cube_map_array GL_ARB_texture_env_add GL_ARB_texture_env_combine GL_ARB_texture_env_crossbar GL_ARB_texture_env_dot3 GL_ARB_texture_float GL_ARB_texture_gather GL_ARB_texture_mirror_clamp_to_edge GL_ARB_texture_mirrored_repeat GL_ARB_texture_multisample GL_ARB_texture_non_power_of_two GL_ARB_texture_query_levels GL_ARB_texture_query_lod GL_ARB_texture_rectangle GL_ARB_texture_rg GL_ARB_texture_rgb10_a2ui GL_ARB_texture_stencil8 GL_ARB_texture_storage GL_ARB_texture_storage_multisample GL_ARB_texture_swizzle GL_ARB_texture_view GL_ARB_timer_query GL_ARB_transform_feedback2 GL_ARB_transform_feedback3 GL_ARB_transform_feedback_instanced GL_ARB_transpose_matrix GL_ARB_uniform_buffer_object GL_ARB_vertex_array_bgra GL_ARB_vertex_array_object GL_ARB_vertex_attrib_64bit GL_ARB_vertex_attrib_binding GL_ARB_vertex_buffer_object GL_ARB_vertex_program GL_ARB_vertex_shader GL_ARB_vertex_type_10f_11f_11f_rev GL_ARB_vertex_type_2_10_10_10_rev GL_ARB_viewport_array GL_ARB_window_pos GL_ATI_separate_stencil GL_EXT_abgr GL_EXT_bgra GL_EXT_blend_color GL_EXT_blend_equation_separate GL_EXT_blend_func_separate GL_EXT_blend_minmax GL_EXT_blend_subtract GL_EXT_clip_volume_hint GL_EXT_compiled_vertex_array GL_EXT_direct_state_access GL_EXT_draw_buffers2 GL_EXT_draw_range_elements GL_EXT_fog_coord GL_EXT_framebuffer_blit GL_EXT_framebuffer_multisample GL_EXT_framebuffer_object GL_EXT_geometry_shader4 GL_EXT_gpu_program_parameters GL_EXT_gpu_shader4 GL_EXT_multi_draw_arrays GL_EXT_packed_depth_stencil GL_EXT_packed_float GL_EXT_packed_pixels GL_EXT_polygon_offset_clamp GL_EXT_rescale_normal GL_EXT_secondary_color GL_EXT_separate_specular_color GL_EXT_shader_framebuffer_fetch GL_EXT_shader_integer_mix GL_EXT_shadow_funcs GL_EXT_stencil_two_side GL_EXT_stencil_wrap GL_EXT_texture3D GL_EXT_texture_array GL_EXT_texture_compression_s3tc GL_EXT_texture_edge_clamp GL_EXT_texture_env_add GL_EXT_texture_env_combine GL_EXT_texture_filter_anisotropic GL_EXT_texture_integer GL_EXT_texture_lod_bias GL_EXT_texture_rectangle GL_EXT_texture_sRGB GL_EXT_texture_sRGB_decode GL_EXT_texture_shared_exponent GL_EXT_texture_snorm GL_EXT_texture_storage GL_EXT_texture_swizzle GL_EXT_timer_query GL_EXT_transform_feedback GL_IBM_texture_mirrored_repeat GL_INTEL_conservative_rasterization GL_INTEL_fragment_shader_ordering GL_INTEL_framebuffer_CMAA GL_INTEL_map_texture GL_INTEL_multi_rate_fragment_shader GL_INTEL_performance_query GL_KHR_blend_equation_advanced GL_KHR_blend_equation_advanced_coherent GL_KHR_debug GL_KHR_texture_compression_astc_hdr GL_KHR_texture_compression_astc_ldr GL_NV_blend_square GL_NV_conditional_render GL_NV_primitive_restart GL_NV_texgen_reflection GL_SGIS_generate_mipmap GL_SGIS_texture_edge_clamp GL_SGIS_texture_lod GL_SUN_multi_draw_arrays GL_WIN_swap_hint
10:03:55: Supported WGL extensions: WGL_EXT_depth_float WGL_ARB_buffer_region WGL_ARB_extensions_string WGL_ARB_make_current_read WGL_ARB_pixel_format WGL_ARB_pbuffer WGL_EXT_extensions_string WGL_EXT_swap_control WGL_EXT_swap_control_tear WGL_ARB_multisample WGL_ARB_pixel_format_float WGL_ARB_framebuffer_sRGB WGL_ARB_create_context WGL_ARB_create_context_profile WGL_EXT_pixel_format_packed_float WGL_EXT_create_context_es_profile WGL_EXT_create_context_es2_profile WGL_NV_DX_interop WGL_INTEL_cl_sharing WGL_NV_DX_interop2 WGL_ARB_create_context_robustness 
10:03:55: ***************************
10:03:55: *** GL Renderer Started ***
10:03:55: ***************************
10:03:55: Registering ResourceManager for type GpuProgram
10:03:55: GLSL support detected
10:03:55: GL: Using GL_EXT_framebuffer_object for rendering to textures (best)
10:03:55: FBO PF_UNKNOWN depth/stencil support: D0S1 D0S4 D0S8 D0S16 D16S0 D16S1 D16S4 D16S8 D16S16 D24S0 D24S1 D24S4 D24S8 D24S16 D32S0 D32S1 D32S4 D32S8 D32S16 Packed-D24S8 
10:03:55: FBO PF_A8 depth/stencil support: D0S0 D0S1 D0S4 D0S8 D0S16 D16S0 D16S1 D16S4 D16S8 D16S16 D24S0 D24S1 D24S4 D24S8 D24S16 D32S0 D32S1 D32S4 D32S8 D32S16 Packed-D24S8 
10:03:55: FBO PF_R5G6B5 depth/stencil support: D0S0 D0S1 D0S4 D0S8 D0S16 D16S0 D16S1 D16S4 D16S8 D16S16 D24S0 D24S1 D24S4 D24S8 D24S16 D32S0 D32S1 D32S4 D32S8 D32S16 Packed-D24S8 
10:03:55: FBO PF_B5G6R5 depth/stencil support: D0S0 D0S1 D0S4 D0S8 D0S16 D16S0 D16S1 D16S4 D16S8 D16S16 D24S0 D24S1 D24S4 D24S8 D24S16 D32S0 D32S1 D32S4 D32S8 D32S16 Packed-D24S8 
10:03:55: FBO PF_A4R4G4B4 depth/stencil support: D0S0 D0S1 D0S4 D0S8 D0S16 D16S0 D16S1 D16S4 D16S8 D16S16 D24S0 D24S1 D24S4 D24S8 D24S16 D32S0 D32S1 D32S4 D32S8 D32S16 Packed-D24S8 
10:03:55: FBO PF_A1R5G5B5 depth/stencil support: D0S0 D0S1 D0S4 D0S8 D0S16 D16S0 D16S1 D16S4 D16S8 D16S16 D24S0 D24S1 D24S4 D24S8 D24S16 D32S0 D32S1 D32S4 D32S8 D32S16 Packed-D24S8 
10:03:55: FBO PF_R8G8B8 depth/stencil support: D0S0 D0S1 D0S4 D0S8 D0S16 D16S0 D16S1 D16S4 D16S8 D16S16 D24S0 D24S1 D24S4 D24S8 D24S16 D32S0 D32S1 D32S4 D32S8 D32S16 Packed-D24S8 
10:03:55: FBO PF_B8G8R8 depth/stencil support: D0S0 D0S1 D0S4 D0S8 D0S16 D16S0 D16S1 D16S4 D16S8 D16S16 D24S0 D24S1 D24S4 D24S8 D24S16 D32S0 D32S1 D32S4 D32S8 D32S16 Packed-D24S8 
10:03:55: FBO PF_A8R8G8B8 depth/stencil support: D0S0 D0S1 D0S4 D0S8 D0S16 D16S0 D16S1 D16S4 D16S8 D16S16 D24S0 D24S1 D24S4 D24S8 D24S16 D32S0 D32S1 D32S4 D32S8 D32S16 Packed-D24S8 
10:03:55: FBO PF_B8G8R8A8 depth/stencil support: D0S0 D0S1 D0S4 D0S8 D0S16 D16S0 D16S1 D16S4 D16S8 D16S16 D24S0 D24S1 D24S4 D24S8 D24S16 D32S0 D32S1 D32S4 D32S8 D32S16 Packed-D24S8 
10:03:55: FBO PF_A2R10G10B10 depth/stencil support: D0S0 D0S1 D0S4 D0S8 D0S16 D16S0 D16S1 D16S4 D16S8 D16S16 D24S0 D24S1 D24S4 D24S8 D24S16 D32S0 D32S1 D32S4 D32S8 D32S16 Packed-D24S8 
10:03:55: FBO PF_A2B10G10R10 depth/stencil support: D0S0 D0S1 D0S4 D0S8 D0S16 D16S0 D16S1 D16S4 D16S8 D16S16 D24S0 D24S1 D24S4 D24S8 D24S16 D32S0 D32S1 D32S4 D32S8 D32S16 Packed-D24S8 
10:03:55: FBO PF_FLOAT16_RGB depth/stencil support: D0S0 D0S1 D0S4 D0S8 D0S16 D16S0 D16S1 D16S4 D16S8 D16S16 D24S0 D24S1 D24S4 D24S8 D24S16 D32S0 D32S1 D32S4 D32S8 D32S16 Packed-D24S8 
10:03:55: FBO PF_FLOAT16_RGBA depth/stencil support: D0S0 D0S1 D0S4 D0S8 D0S16 D16S0 D16S1 D16S4 D16S8 D16S16 D24S0 D24S1 D24S4 D24S8 D24S16 D32S0 D32S1 D32S4 D32S8 D32S16 Packed-D24S8 
10:03:55: FBO PF_FLOAT32_RGB depth/stencil support: D0S0 D0S1 D0S4 D0S8 D0S16 D16S0 D16S1 D16S4 D16S8 D16S16 D24S0 D24S1 D24S4 D24S8 D24S16 D32S0 D32S1 D32S4 D32S8 D32S16 Packed-D24S8 
10:03:55: FBO PF_FLOAT32_RGBA depth/stencil support: D0S0 D0S1 D0S4 D0S8 D0S16 D16S0 D16S1 D16S4 D16S8 D16S16 D24S0 D24S1 D24S4 D24S8 D24S16 D32S0 D32S1 D32S4 D32S8 D32S16 Packed-D24S8 
10:03:55: FBO PF_X8R8G8B8 depth/stencil support: D0S0 D0S1 D0S4 D0S8 D0S16 D16S0 D16S1 D16S4 D16S8 D16S16 D24S0 D24S1 D24S4 D24S8 D24S16 D32S0 D32S1 D32S4 D32S8 D32S16 Packed-D24S8 
10:03:55: FBO PF_X8B8G8R8 depth/stencil support: D0S0 D0S1 D0S4 D0S8 D0S16 D16S0 D16S1 D16S4 D16S8 D16S16 D24S0 D24S1 D24S4 D24S8 D24S16 D32S0 D32S1 D32S4 D32S8 D32S16 Packed-D24S8 
10:03:55: FBO PF_SHORT_RGBA depth/stencil support: D0S0 D0S1 D0S4 D0S8 D0S16 D16S0 D16S1 D16S4 D16S8 D16S16 D24S0 D24S1 D24S4 D24S8 D24S16 D32S0 D32S1 D32S4 D32S8 D32S16 Packed-D24S8 
10:03:55: FBO PF_R3G3B2 depth/stencil support: D0S0 D0S1 D0S4 D0S8 D0S16 D16S0 D16S1 D16S4 D16S8 D16S16 D24S0 D24S1 D24S4 D24S8 D24S16 D32S0 D32S1 D32S4 D32S8 D32S16 Packed-D24S8 
10:03:55: FBO PF_SHORT_RGB depth/stencil support: D0S0 D0S1 D0S4 D0S8 D0S16 D16S0 D16S1 D16S4 D16S8 D16S16 D24S0 D24S1 D24S4 D24S8 D24S16 D32S0 D32S1 D32S4 D32S8 D32S16 Packed-D24S8 
10:03:55: [GL] : Valid FBO targets PF_UNKNOWN PF_A8 PF_R5G6B5 PF_B5G6R5 PF_A4R4G4B4 PF_A1R5G5B5 PF_R8G8B8 PF_B8G8R8 PF_A8R8G8B8 PF_B8G8R8A8 PF_A2R10G10B10 PF_A2B10G10R10 PF_FLOAT16_RGB PF_FLOAT16_RGBA PF_FLOAT32_RGB PF_FLOAT32_RGBA PF_X8R8G8B8 PF_X8B8G8R8 PF_SHORT_RGBA PF_R3G3B2 PF_SHORT_RGB 
10:03:55: RenderSystem capabilities
10:03:55: -------------------------
10:03:55: RenderSystem Name: OpenGL Rendering Subsystem
10:03:55: GPU Vendor: intel
10:03:55: Device Name: Intel(R) HD Graphics 530
10:03:55: Driver Version: 4.4.0.0
10:03:55:  * Fixed function pipeline: yes
10:03:55:  * Hardware generation of mipmaps: no
10:03:55:  * Texture blending: yes
10:03:55:  * Anisotropic texture filtering: yes
10:03:55:  * Dot product texture operation: yes
10:03:55:  * Cube mapping: yes
10:03:55:  * Hardware stencil buffer: yes
10:03:55:    - Stencil depth: 8
10:03:55:    - Two sided stencil support: yes
10:03:55:    - Wrap stencil values: yes
10:03:55:  * Hardware vertex / index buffers: yes
10:03:55:  * 32-bit index buffers: yes
10:03:55:  * Vertex programs: yes
10:03:55:  * Number of floating-point constants for vertex programs: 256
10:03:55:  * Number of integer constants for vertex programs: 0
10:03:55:  * Number of boolean constants for vertex programs: 0
10:03:55:  * Fragment programs: yes
10:03:55:  * Number of floating-point constants for fragment programs: 256
10:03:55:  * Number of integer constants for fragment programs: 0
10:03:55:  * Number of boolean constants for fragment programs: 0
10:03:55:  * Geometry programs: yes
10:03:55:  * Number of floating-point constants for geometry programs: 4096
10:03:55:  * Number of integer constants for geometry programs: 0
10:03:55:  * Number of boolean constants for geometry programs: 0
10:03:55:  * Tesselation Hull programs: no
10:03:55:  * Number of floating-point constants for tesselation hull programs: 0
10:03:55:  * Number of integer constants for tesselation hull programs: 0
10:03:55:  * Number of boolean constants for tesselation hull programs: 0
10:03:55:  * Tesselation Domain programs: no
10:03:55:  * Number of floating-point constants for tesselation domain programs: 0
10:03:55:  * Number of integer constants for tesselation domain programs: 0
10:03:55:  * Number of boolean constants for tesselation domain programs: 0
10:03:55:  * Compute programs: no
10:03:55:  * Number of floating-point constants for compute programs: 0
10:03:55:  * Number of integer constants for compute programs: 0
10:03:55:  * Number of boolean constants for compute programs: 0
10:03:55:  * Supported Shader Profiles: arbfp1 arbvp1 glsl glsl100 glsl110 glsl120 gp4gp gpu_gp nvgp4
10:03:55:  * Texture Compression: yes
10:03:55:    - DXT: yes
10:03:55:    - VTC: no
10:03:55:    - PVRTC: no
10:03:55:    - ATC: no
10:03:55:    - ETC1: no
10:03:55:    - ETC2: no
10:03:55:    - BC4/BC5: no
10:03:55:    - BC6H/BC7: no
10:03:55:  * Scissor Rectangle: yes
10:03:55:  * Hardware Occlusion Query: yes
10:03:55:  * User clip planes: yes
10:03:55:  * VET_UBYTE4 vertex element type: yes
10:03:55:  * Infinite far plane projection: yes
10:03:55:  * Hardware render-to-texture: yes
10:03:55:  * Floating point textures: yes
10:03:55:  * Non-power-of-two textures: yes
10:03:55:  * 1d textures: yes
10:03:55:  * Volume textures: yes
10:03:55:  * Multiple Render Targets: 8
10:03:55:    - With different bit depths: yes
10:03:55:  * Point Sprites: yes
10:03:55:  * Extended point parameters: yes
10:03:55:  * Max Point Size: 255
10:03:55:  * Vertex texture fetch: yes
10:03:55:  * Number of world matrices: 0
10:03:55:  * Number of texture units: 16
10:03:55:  * Stencil buffer depth: 8
10:03:55:  * Number of vertex blend matrices: 0
10:03:55:    - Max vertex textures: 32
10:03:55:    - Vertex textures shared: yes
10:03:55:  * Render to Vertex Buffer : no
10:03:55:  * Hardware Atomic Counters: no
10:03:55:  * GL 1.5 without VBO workaround: no
10:03:55:  * Frame Buffer objects: yes
10:03:55:  * Frame Buffer objects (ARB extension): no
10:03:55:  * Frame Buffer objects (ATI extension): no
10:03:55:  * PBuffer support: yes
10:03:55:  * GL 1.5 without HW-occlusion workaround: no
10:03:55:  * Vertex Array Objects: no
10:03:55:  * Separate shader objects: no
10:03:55: DefaultWorkQueue('Root') initialising on thread main.
10:03:55: Particle Renderer Type 'billboard' registered
10:03:55: Parsing scripts for resource group Autodetect
10:03:55: --------------- ScriptLoader pattern suffix begin --------------------
10:03:55: ScriptLoader pattern is: *.program
10:03:55: ScriptLoader pattern is: *.material
10:03:55: ScriptLoader pattern is: *.particle
10:03:55: ScriptLoader pattern is: *.compositor
10:03:55: ScriptLoader pattern is: *.os
10:03:55: ScriptLoader pattern is: *.pua
10:03:55: ScriptLoader pattern is: *.pu
10:03:55: ------------------ ScriptLoader pattern suffix end -------------------
10:03:55: Finished parsing scripts for resource group Autodetect
10:03:55: Creating resources for group Autodetect
10:03:55: All done
10:03:55: Parsing scripts for resource group General
10:03:55: Finished parsing scripts for resource group General
10:03:55: Creating resources for group General
10:03:55: All done
10:03:55: Parsing scripts for resource group Internal
10:03:55: Finished parsing scripts for resource group Internal
10:03:55: Creating resources for group Internal
10:03:55: All done
